New log file opened at Tue Aug 25 21:20:20 BRT 2015 by 7344@Joede-PC
Taking next connection to: 55319
New client attempting to connect on port: 55321-55319
  Address = /169.254.113.0:55319
This client on port 55321 has uuid 02dcd876-5c48-4da5-94e1-08806a3cec54 configName activator humanReadableName Activator protocolVersion 3 featureTags Vector()
Connected Clients: activator-02dcd876-5c48-4da5-94e1-08806a3cec54
Taking next connection to: 55319
New client attempting to connect on port: 55322-55319
  Address = /169.254.113.0:55319
Handshake exception on socket: 55322
sbt.impl.ipc.HandshakeException: Unable to perform handshake
	at sbt.impl.ipc.Peer.handshake(IPC.scala:46)
	at sbt.impl.ipc.MultiClientServer.<init>(IPC.scala:150)
	at sbt.server.SbtServerSocketHandler$$anon$1.run(SbtServerSocketHandler.scala:43)
Caused by: java.net.SocketException: Software caused connection abort: recv failed
	at java.net.SocketInputStream.socketRead0(Native Method)
	at java.net.SocketInputStream.read(SocketInputStream.java:150)
	at java.net.SocketInputStream.read(SocketInputStream.java:121)
	at java.io.BufferedInputStream.fill(BufferedInputStream.java:246)
	at java.io.BufferedInputStream.read(BufferedInputStream.java:265)
	at java.io.DataInputStream.readInt(DataInputStream.java:387)
	at sbt.impl.ipc.Peer.receive(IPC.scala:95)
	at sbt.impl.ipc.Peer.handshake(IPC.scala:49)
	... 2 more
Taking next connection to: 55319
New client attempting to connect on port: 55323-55319
  Address = /169.254.113.0:55319
This client on port 55323 has uuid 620b938a-dcae-4e80-ba04-6b07c74db19e configName activator humanReadableName Activator protocolVersion 3 featureTags Vector()
Connected Clients: activator-02dcd876-5c48-4da5-94e1-08806a3cec54, activator-620b938a-dcae-4e80-ba04-6b07c74db19e
Taking next connection to: 55319
Checking to see if clients are empty...
We have 1 non-daemon clients, continuing serving connections.
Taking next connection to: 55319
Checking to see if clients are empty...
We have 1 non-daemon clients, continuing serving connections.
Taking next connection to: 55319
